
  .   ____          _            __ _ _
 /\\ / ___'_ __ _ _(_)_ __  __ _ \ \ \ \
( ( )\___ | '_ | '_| | '_ \/ _` | \ \ \ \
 \\/  ___)| |_)| | | | | || (_| |  ) ) ) )
  '  |____| .__|_| |_|_| |_\__, | / / / /
 =========|_|==============|___/=/_/_/_/

 :: Spring Boot ::                (v4.0.3)

2026-03-07T14:25:36.317-07:00  INFO 82441 --- [swipe-match-service] [           main] c.j.s.SwipeMatchServiceApplication       : Starting SwipeMatchServiceApplication v0.0.1-SNAPSHOT using Java 17.0.2 with PID 82441 (/Users/saiesh/Desktop/git/JUMBLE/swipe-match-service/target/swipe-match-service-0.0.1-SNAPSHOT.jar started by saiesh in /Users/saiesh/Desktop/git/JUMBLE/swipe-match-service)
2026-03-07T14:25:36.325-07:00 DEBUG 82441 --- [swipe-match-service] [           main] c.j.s.SwipeMatchServiceApplication       : Running with Spring Boot v4.0.3, Spring v7.0.5
2026-03-07T14:25:36.327-07:00  INFO 82441 --- [swipe-match-service] [           main] c.j.s.SwipeMatchServiceApplication       : No active profile set, falling back to 1 default profile: "default"
2026-03-07T14:25:37.742-07:00  INFO 82441 --- [swipe-match-service] [           main] .s.d.r.c.RepositoryConfigurationDelegate : Multiple Spring Data modules found, entering strict repository configuration mode
2026-03-07T14:25:37.744-07:00  INFO 82441 --- [swipe-match-service] [           main] .s.d.r.c.RepositoryConfigurationDelegate : Bootstrapping Spring Data MongoDB repositories in DEFAULT mode.
2026-03-07T14:25:37.805-07:00  INFO 82441 --- [swipe-match-service] [           main] .RepositoryConfigurationExtensionSupport : Spring Data MongoDB - Could not safely identify store assignment for repository candidate interface com.jumble.swipematch.repository.MatchRepository; If you want this repository to be a MongoDB repository, consider annotating your entities with one of these annotations: org.springframework.data.mongodb.core.mapping.Document (preferred), or consider extending one of the following types with your repository: org.springframework.data.mongodb.repository.MongoRepository
2026-03-07T14:25:37.807-07:00  INFO 82441 --- [swipe-match-service] [           main] .RepositoryConfigurationExtensionSupport : Spring Data MongoDB - Could not safely identify store assignment for repository candidate interface com.jumble.swipematch.repository.SwipeRepository; If you want this repository to be a MongoDB repository, consider annotating your entities with one of these annotations: org.springframework.data.mongodb.core.mapping.Document (preferred), or consider extending one of the following types with your repository: org.springframework.data.mongodb.repository.MongoRepository
2026-03-07T14:25:37.807-07:00  INFO 82441 --- [swipe-match-service] [           main] .s.d.r.c.RepositoryConfigurationDelegate : Finished Spring Data repository scanning in 51 ms. Found 0 MongoDB repository interfaces.
2026-03-07T14:25:37.877-07:00  INFO 82441 --- [swipe-match-service] [           main] .s.d.r.c.RepositoryConfigurationDelegate : Multiple Spring Data modules found, entering strict repository configuration mode
2026-03-07T14:25:37.879-07:00  INFO 82441 --- [swipe-match-service] [           main] .s.d.r.c.RepositoryConfigurationDelegate : Bootstrapping Spring Data Redis repositories in DEFAULT mode.
2026-03-07T14:25:38.108-07:00  INFO 82441 --- [swipe-match-service] [           main] .s.d.r.c.RepositoryConfigurationDelegate : Finished Spring Data repository scanning in 207 ms. Found 2 Redis repository interfaces.
2026-03-07T14:25:38.805-07:00  INFO 82441 --- [swipe-match-service] [           main] o.s.boot.tomcat.TomcatWebServer          : Tomcat initialized with port 8080 (http)
2026-03-07T14:25:38.840-07:00  INFO 82441 --- [swipe-match-service] [           main] o.apache.catalina.core.StandardService   : Starting service [Tomcat]
2026-03-07T14:25:38.841-07:00  INFO 82441 --- [swipe-match-service] [           main] o.apache.catalina.core.StandardEngine    : Starting Servlet engine: [Apache Tomcat/11.0.18]
2026-03-07T14:25:38.944-07:00  INFO 82441 --- [swipe-match-service] [           main] b.w.c.s.WebApplicationContextInitializer : Root WebApplicationContext: initialization completed in 2438 ms
2026-03-07T14:25:39.305-07:00  WARN 82441 --- [swipe-match-service] [           main] i.n.r.d.DnsServerAddressStreamProviders  : Can not find io.netty.resolver.dns.macos.MacOSDnsServerAddressStreamProvider in the classpath, fallback to system defaults. This may result in incorrect DNS resolutions on MacOS. Check whether you have a dependency on 'io.netty:netty-resolver-dns-native-macos'
2026-03-07T14:25:40.706-07:00  INFO 82441 --- [swipe-match-service] [           main] org.mongodb.driver.client                : MongoClient with metadata {"driver": {"name": "mongo-java-driver|spring-boot|sync", "version": "5.6.3"}, "os": {"type": "Darwin", "name": "Mac OS X", "architecture": "x86_64", "version": "12.7.6"}, "platform": "Java/Homebrew/17.0.2+0"} created with settings MongoClientSettings{readPreference=primary, writeConcern=WriteConcern{w=null, wTimeout=null ms, journal=null}, retryWrites=true, retryReads=true, readConcern=ReadConcern{level=null}, credential=null, transportSettings=null, commandListeners=[], codecRegistry=ProvidersCodecRegistry{codecProviders=[ValueCodecProvider{}, BsonValueCodecProvider{}, DBRefCodecProvider{}, DBObjectCodecProvider{}, DocumentCodecProvider{}, CollectionCodecProvider{}, IterableCodecProvider{}, MapCodecProvider{}, GeoJsonCodecProvider{}, GridFSFileCodecProvider{}, Jsr310CodecProvider{}, JsonObjectCodecProvider{}, BsonCodecProvider{}, com.mongodb.client.model.mql.ExpressionCodecProvider@14b5752f, com.mongodb.Jep395RecordCodecProvider@b94703b, com.mongodb.KotlinCodecProvider@33a47707, EnumCodecProvider{}]}, loggerSettings=LoggerSettings{maxDocumentLength=1000}, clusterSettings={hosts=[localhost:27017], srvServiceName=mongodb, mode=SINGLE, requiredClusterType=UNKNOWN, requiredReplicaSetName='null', serverSelector='null', clusterListeners='[]', serverSelectionTimeout='30000 ms', localThreshold='15 ms'}, socketSettings=SocketSettings{connectTimeoutMS=10000, readTimeoutMS=0, receiveBufferSize=0, proxySettings=ProxySettings{host=null, port=null, username=null, password=null}}, heartbeatSocketSettings=SocketSettings{connectTimeoutMS=10000, readTimeoutMS=10000, receiveBufferSize=0, proxySettings=ProxySettings{host=null, port=null, username=null, password=null}}, connectionPoolSettings=ConnectionPoolSettings{maxSize=100, minSize=0, maxWaitTimeMS=120000, maxConnectionLifeTimeMS=0, maxConnectionIdleTimeMS=0, maintenanceInitialDelayMS=0, maintenanceFrequencyMS=60000, connectionPoolListeners=[], maxConnecting=2}, serverSettings=ServerSettings{heartbeatFrequencyMS=10000, minHeartbeatFrequencyMS=500, serverMonitoringMode=AUTO, serverListeners='[]', serverMonitorListeners='[]'}, sslSettings=SslSettings{enabled=false, invalidHostNameAllowed=false, context=null}, applicationName='null', compressorList=[], uuidRepresentation=UNSPECIFIED, serverApi=null, autoEncryptionSettings=null, dnsClient=null, inetAddressResolver=null, contextProvider=null, timeoutMS=null}
2026-03-07T14:25:40.718-07:00  INFO 82441 --- [swipe-match-service] [localhost:27017] org.mongodb.driver.cluster               : Exception in monitor thread while connecting to server localhost:27017

com.mongodb.MongoSocketOpenException: Exception opening socket
	at com.mongodb.internal.connection.SocketStream.lambda$open$0(SocketStream.java:85) ~[mongodb-driver-core-5.6.3.jar!/:na]
	at java.base/java.util.Optional.orElseThrow(Optional.java:403) ~[na:na]
	at com.mongodb.internal.connection.SocketStream.open(SocketStream.java:85) ~[mongodb-driver-core-5.6.3.jar!/:na]
	at com.mongodb.internal.connection.InternalStreamConnection.open(InternalStreamConnection.java:233) ~[mongodb-driver-core-5.6.3.jar!/:na]
	at com.mongodb.internal.connection.DefaultServerMonitor$ServerMonitor.setupNewConnectionAndGetInitialDescription(DefaultServerMonitor.java:282) ~[mongodb-driver-core-5.6.3.jar!/:na]
	at com.mongodb.internal.connection.DefaultServerMonitor$ServerMonitor.lookupServerDescription(DefaultServerMonitor.java:253) ~[mongodb-driver-core-5.6.3.jar!/:na]
	at com.mongodb.internal.connection.DefaultServerMonitor$ServerMonitor.run(DefaultServerMonitor.java:203) ~[mongodb-driver-core-5.6.3.jar!/:na]
Caused by: java.net.ConnectException: Connection refused
	at java.base/sun.nio.ch.Net.pollConnect(Native Method) ~[na:na]
	at java.base/sun.nio.ch.Net.pollConnectNow(Net.java:672) ~[na:na]
	at java.base/sun.nio.ch.NioSocketImpl.timedFinishConnect(NioSocketImpl.java:542) ~[na:na]
	at java.base/sun.nio.ch.NioSocketImpl.connect(NioSocketImpl.java:597) ~[na:na]
	at java.base/java.net.SocksSocketImpl.connect(SocksSocketImpl.java:327) ~[na:na]
	at java.base/java.net.Socket.connect(Socket.java:633) ~[na:na]
	at com.mongodb.internal.connection.SocketStreamHelper.initialize(SocketStreamHelper.java:76) ~[mongodb-driver-core-5.6.3.jar!/:na]
	at com.mongodb.internal.connection.SocketStream.initializeSocket(SocketStream.java:104) ~[mongodb-driver-core-5.6.3.jar!/:na]
	at com.mongodb.internal.connection.SocketStream.open(SocketStream.java:79) ~[mongodb-driver-core-5.6.3.jar!/:na]
	... 4 common frames omitted

2026-03-07T14:25:41.008-07:00  INFO 82441 --- [swipe-match-service] [           main] o.s.boot.tomcat.TomcatWebServer          : Tomcat started on port 8080 (http) with context path '/'
2026-03-07T14:25:41.030-07:00  INFO 82441 --- [swipe-match-service] [           main] c.j.s.SwipeMatchServiceApplication       : Started SwipeMatchServiceApplication in 5.68 seconds (process running for 7.163)
2026-03-07T14:25:57.445-07:00  INFO 82441 --- [swipe-match-service] [nio-8080-exec-1] o.a.c.c.C.[Tomcat].[localhost].[/]       : Initializing Spring DispatcherServlet 'dispatcherServlet'
2026-03-07T14:25:57.445-07:00  INFO 82441 --- [swipe-match-service] [nio-8080-exec-1] o.s.web.servlet.DispatcherServlet        : Initializing Servlet 'dispatcherServlet'
2026-03-07T14:25:57.448-07:00  INFO 82441 --- [swipe-match-service] [nio-8080-exec-1] o.s.web.servlet.DispatcherServlet        : Completed initialization in 3 ms
2026-03-07T14:25:58.977-07:00  INFO 82441 --- [swipe-match-service] [nio-8080-exec-1] c.j.swipematch.service.SwipeService      : Saved swipe: Swipe(id=8cd8c5af-4ae3-4d1a-aa90-e60b281dbde4, candidateId=C1, jobId=J1, swiperRole=CANDIDATE, direction=RIGHT, timestamp=2026-03-07T21:25:57.641798Z)
2026-03-07T14:25:59.084-07:00  INFO 82441 --- [swipe-match-service] [nio-8080-exec-1] c.j.s.service.MatchDetectionService      : 🔥 It's a MATCH! Candidate: C1 and Job: J1
2026-03-07T14:25:59.244-07:00  INFO 82441 --- [swipe-match-service] [nio-8080-exec-2] c.j.swipematch.service.SwipeService      : Saved swipe: Swipe(id=a08576ae-6f85-439d-a05a-31a25c7691f3, candidateId=C1, jobId=J1, swiperRole=RECRUITER, direction=RIGHT, timestamp=2026-03-07T21:25:59.230709Z)
2026-03-07T14:25:59.270-07:00  INFO 82441 --- [swipe-match-service] [nio-8080-exec-2] c.j.s.service.MatchDetectionService      : 🔥 It's a MATCH! Candidate: C1 and Job: J1
2026-03-07T14:36:39.753-07:00  INFO 82441 --- [swipe-match-service] [nio-8080-exec-5] c.j.swipematch.service.SwipeService      : Saved swipe: Swipe(id=b7d73f44-7a61-472c-aabc-d1dd5e169b1e, candidateId=C100, jobId=J200, swiperRole=CANDIDATE, direction=RIGHT, timestamp=2026-03-07T21:36:39.716333Z)
2026-03-07T14:37:41.194-07:00  INFO 82441 --- [swipe-match-service] [nio-8080-exec-8] c.j.swipematch.service.SwipeService      : Saved swipe: Swipe(id=56e0e2da-6ada-444a-b430-5941b0e66a57, candidateId=C100, jobId=J200, swiperRole=RECRUITER, direction=RIGHT, timestamp=2026-03-07T21:37:41.181444Z)
2026-03-07T14:37:41.221-07:00  INFO 82441 --- [swipe-match-service] [nio-8080-exec-8] c.j.s.service.MatchDetectionService      : 🔥 It's a MATCH! Candidate: C100 and Job: J200
